[2026-06-29T11:30:59.912Z] [db] ══ Démarrage DB ══
[2026-06-29T11:30:59.915Z] [db] Platform: win32 arch: x64
[2026-06-29T11:30:59.917Z] [db] Node: v24.16.0
[2026-06-29T11:30:59.919Z] [db] ELECTRON_APP_PATH: (non défini)
[2026-06-29T11:30:59.921Z] [db] process.resourcesPath: (non défini)
[2026-06-29T11:30:59.924Z] [db] ✅ better-sqlite3 chargé
[2026-06-29T11:30:59.927Z] [db] Chemin: C:\laragon\www\projectgaz\db\database.db
[2026-06-29T11:30:59.951Z] [db] ✅ SQLite ouvert
[2026-06-29T11:30:59.989Z] [db] ── initializeDatabase START ──
[2026-06-29T11:30:59.991Z] [db] Dossier migrations: C:\laragon\www\projectgaz\db\migrations
[2026-06-29T11:30:59.995Z] [db] Tables existantes (0): []
[2026-06-29T11:31:00.022Z] [db] ✅ migrate() OK
[2026-06-29T11:31:00.038Z] [db] ✅ 13 tables présentes après init: [
  "__drizzle_migrations",
  "customer_types",
  "customers",
  "products",
  "purchase_invoice_items",
  "purchase_invoices",
  "sales_invoice_items",
  "sales_invoices",
  "settings",
  "stock_movements",
  "suppliers",
  "users",
  "wallet_transactions"
]
[2026-06-29T11:31:00.040Z] [db] ── initializeDatabase END ──
[2026-06-29T11:48:21.906Z] [db] ══ Démarrage DB ══
[2026-06-29T11:48:21.908Z] [db] Platform: win32 arch: x64
[2026-06-29T11:48:21.910Z] [db] Node: v24.16.0
[2026-06-29T11:48:21.911Z] [db] ELECTRON_APP_PATH: (non défini)
[2026-06-29T11:48:21.913Z] [db] process.resourcesPath: (non défini)
[2026-06-29T11:48:21.914Z] [db] ✅ better-sqlite3 chargé
[2026-06-29T11:48:21.918Z] [db] Chemin: C:\laragon\www\projectgaz\db\database.db
[2026-06-29T11:48:21.937Z] [db] ✅ SQLite ouvert
[2026-06-29T11:48:21.943Z] [db] ── initializeDatabase START ──
[2026-06-29T11:48:21.945Z] [db] Dossier migrations: C:\laragon\www\projectgaz\db\migrations
[2026-06-29T11:48:21.956Z] [db] Tables existantes (13): [
  "__drizzle_migrations",
  "customer_types",
  "customers",
  "products",
  "purchase_invoice_items",
  "purchase_invoices",
  "sales_invoice_items",
  "sales_invoices",
  "settings",
  "stock_movements",
  "suppliers",
  "users",
  "wallet_transactions"
]
[2026-06-29T11:48:21.961Z] [db] ✅ migrate() OK
[2026-06-29T11:48:21.971Z] [db] ✅ 13 tables présentes après init: [
  "__drizzle_migrations",
  "customer_types",
  "customers",
  "products",
  "purchase_invoice_items",
  "purchase_invoices",
  "sales_invoice_items",
  "sales_invoices",
  "settings",
  "stock_movements",
  "suppliers",
  "users",
  "wallet_transactions"
]
[2026-06-29T11:48:21.973Z] [db] ── initializeDatabase END ──
[2026-06-29T13:50:05.265Z] [db] ══ Démarrage DB ══
[2026-06-29T13:50:05.267Z] [db] Platform: win32 arch: x64
[2026-06-29T13:50:05.270Z] [db] Node: v24.16.0
[2026-06-29T13:50:05.272Z] [db] ELECTRON_APP_PATH: (non défini)
[2026-06-29T13:50:05.273Z] [db] process.resourcesPath: (non défini)
[2026-06-29T13:50:05.275Z] [db] ✅ better-sqlite3 chargé
[2026-06-29T13:50:05.276Z] [db] Chemin: C:\laragon\www\projectgaz\db\database.db
[2026-06-29T13:50:05.296Z] [db] ✅ SQLite ouvert
[2026-06-29T13:50:05.307Z] [db] ── initializeDatabase START ──
[2026-06-29T13:50:05.308Z] [db] Dossier migrations: C:\laragon\www\projectgaz\db\migrations
[2026-06-29T13:50:05.317Z] [db] Tables existantes (13): [
  "__drizzle_migrations",
  "customer_types",
  "customers",
  "products",
  "purchase_invoice_items",
  "purchase_invoices",
  "sales_invoice_items",
  "sales_invoices",
  "settings",
  "stock_movements",
  "suppliers",
  "users",
  "wallet_transactions"
]
[2026-06-29T13:50:05.324Z] [db] ✅ migrate() OK
[2026-06-29T13:50:05.334Z] [db] ✅ 13 tables présentes après init: [
  "__drizzle_migrations",
  "customer_types",
  "customers",
  "products",
  "purchase_invoice_items",
  "purchase_invoices",
  "sales_invoice_items",
  "sales_invoices",
  "settings",
  "stock_movements",
  "suppliers",
  "users",
  "wallet_transactions"
]
[2026-06-29T13:50:05.336Z] [db] ── initializeDatabase END ──
[2026-06-29T14:04:15.463Z] [db] ══ Démarrage DB ══
[2026-06-29T14:04:15.465Z] [db] Platform: win32 arch: x64
[2026-06-29T14:04:15.469Z] [db] Node: v24.16.0
[2026-06-29T14:04:15.471Z] [db] ELECTRON_APP_PATH: (non défini)
[2026-06-29T14:04:15.473Z] [db] process.resourcesPath: (non défini)
[2026-06-29T14:04:15.475Z] [db] ✅ better-sqlite3 chargé
[2026-06-29T14:04:15.477Z] [db] Chemin: C:\laragon\www\projectgaz\db\database.db
[2026-06-29T14:04:15.482Z] [db] ✅ SQLite ouvert
[2026-06-29T14:04:15.489Z] [db] ── initializeDatabase START ──
[2026-06-29T14:04:15.491Z] [db] Dossier migrations: C:\laragon\www\projectgaz\db\migrations
[2026-06-29T14:04:15.504Z] [db] Tables existantes (13): [
  "__drizzle_migrations",
  "customer_types",
  "customers",
  "products",
  "purchase_invoice_items",
  "purchase_invoices",
  "sales_invoice_items",
  "sales_invoices",
  "settings",
  "stock_movements",
  "suppliers",
  "users",
  "wallet_transactions"
]
[2026-06-29T14:04:15.509Z] [db] ✅ migrate() OK
[2026-06-29T14:04:15.518Z] [db] ✅ 13 tables présentes après init: [
  "__drizzle_migrations",
  "customer_types",
  "customers",
  "products",
  "purchase_invoice_items",
  "purchase_invoices",
  "sales_invoice_items",
  "sales_invoices",
  "settings",
  "stock_movements",
  "suppliers",
  "users",
  "wallet_transactions"
]
[2026-06-29T14:04:15.521Z] [db] ── initializeDatabase END ──
[2026-06-29T14:04:15.674Z] [db] ══ Démarrage DB ══
[2026-06-29T14:04:15.677Z] [db] Platform: win32 arch: x64
[2026-06-29T14:04:15.679Z] [db] Node: v24.16.0
[2026-06-29T14:04:15.680Z] [db] ELECTRON_APP_PATH: (non défini)
[2026-06-29T14:04:15.682Z] [db] process.resourcesPath: (non défini)
[2026-06-29T14:04:15.684Z] [db] ✅ better-sqlite3 chargé
[2026-06-29T14:04:15.686Z] [db] Chemin: C:\laragon\www\projectgaz\db\database.db
[2026-06-29T14:04:15.689Z] [db] ✅ SQLite ouvert
[2026-06-29T14:04:15.694Z] [db] ── initializeDatabase START ──
[2026-06-29T14:04:15.696Z] [db] Dossier migrations: C:\laragon\www\projectgaz\db\migrations
[2026-06-29T14:04:15.711Z] [db] Tables existantes (13): [
  "__drizzle_migrations",
  "customer_types",
  "customers",
  "products",
  "purchase_invoice_items",
  "purchase_invoices",
  "sales_invoice_items",
  "sales_invoices",
  "settings",
  "stock_movements",
  "suppliers",
  "users",
  "wallet_transactions"
]
[2026-06-29T14:04:15.715Z] [db] ✅ migrate() OK
[2026-06-29T14:04:15.726Z] [db] ✅ 13 tables présentes après init: [
  "__drizzle_migrations",
  "customer_types",
  "customers",
  "products",
  "purchase_invoice_items",
  "purchase_invoices",
  "sales_invoice_items",
  "sales_invoices",
  "settings",
  "stock_movements",
  "suppliers",
  "users",
  "wallet_transactions"
]
[2026-06-29T14:04:15.728Z] [db] ── initializeDatabase END ──
[2026-06-29T14:04:28.777Z] [db] ══ Démarrage DB ══
[2026-06-29T14:04:28.780Z] [db] Platform: win32 arch: x64
[2026-06-29T14:04:28.781Z] [db] Node: v24.16.0
[2026-06-29T14:04:28.783Z] [db] ELECTRON_APP_PATH: (non défini)
[2026-06-29T14:04:28.785Z] [db] process.resourcesPath: (non défini)
[2026-06-29T14:04:28.787Z] [db] ✅ better-sqlite3 chargé
[2026-06-29T14:04:28.790Z] [db] Chemin: C:\laragon\www\projectgaz\db\database.db
[2026-06-29T14:04:28.793Z] [db] ✅ SQLite ouvert
[2026-06-29T14:04:28.797Z] [db] ── initializeDatabase START ──
[2026-06-29T14:04:28.798Z] [db] Dossier migrations: C:\laragon\www\projectgaz\db\migrations
[2026-06-29T14:04:28.811Z] [db] Tables existantes (13): [
  "__drizzle_migrations",
  "customer_types",
  "customers",
  "products",
  "purchase_invoice_items",
  "purchase_invoices",
  "sales_invoice_items",
  "sales_invoices",
  "settings",
  "stock_movements",
  "suppliers",
  "users",
  "wallet_transactions"
]
[2026-06-29T14:04:28.815Z] [db] ✅ migrate() OK
[2026-06-29T14:04:28.826Z] [db] ✅ 13 tables présentes après init: [
  "__drizzle_migrations",
  "customer_types",
  "customers",
  "products",
  "purchase_invoice_items",
  "purchase_invoices",
  "sales_invoice_items",
  "sales_invoices",
  "settings",
  "stock_movements",
  "suppliers",
  "users",
  "wallet_transactions"
]
[2026-06-29T14:04:28.828Z] [db] ── initializeDatabase END ──
[2026-06-29T14:08:34.632Z] [db] ══ Démarrage DB ══
[2026-06-29T14:08:34.635Z] [db] Platform: win32 arch: x64
[2026-06-29T14:08:34.637Z] [db] Node: v24.16.0
[2026-06-29T14:08:34.639Z] [db] ELECTRON_APP_PATH: (non défini)
[2026-06-29T14:08:34.640Z] [db] process.resourcesPath: (non défini)
[2026-06-29T14:08:34.641Z] [db] ✅ better-sqlite3 chargé
[2026-06-29T14:08:34.643Z] [db] Chemin: C:\laragon\www\projectgaz\db\database.db
[2026-06-29T14:08:34.657Z] [db] ✅ SQLite ouvert
[2026-06-29T14:08:34.664Z] [db] ── initializeDatabase START ──
[2026-06-29T14:08:34.666Z] [db] Dossier migrations: C:\laragon\www\projectgaz\db\migrations
[2026-06-29T14:08:34.685Z] [db] Tables existantes (13): [
  "__drizzle_migrations",
  "customer_types",
  "customers",
  "products",
  "purchase_invoice_items",
  "purchase_invoices",
  "sales_invoice_items",
  "sales_invoices",
  "settings",
  "stock_movements",
  "suppliers",
  "users",
  "wallet_transactions"
]
[2026-06-29T14:08:34.702Z] [db] ✅ migrate() OK
[2026-06-29T14:08:34.716Z] [db] ✅ 13 tables présentes après init: [
  "__drizzle_migrations",
  "customer_types",
  "customers",
  "products",
  "purchase_invoice_items",
  "purchase_invoices",
  "sales_invoice_items",
  "sales_invoices",
  "settings",
  "stock_movements",
  "suppliers",
  "users",
  "wallet_transactions"
]
[2026-06-29T14:08:34.733Z] [db] ── initializeDatabase END ──
[2026-06-29T14:13:20.878Z] [db] ══ Démarrage DB ══
[2026-06-29T14:13:20.880Z] [db] Platform: win32 arch: x64
[2026-06-29T14:13:20.881Z] [db] Node: v24.16.0
[2026-06-29T14:13:20.882Z] [db] ELECTRON_APP_PATH: (non défini)
[2026-06-29T14:13:20.883Z] [db] process.resourcesPath: (non défini)
[2026-06-29T14:13:20.885Z] [db] ✅ better-sqlite3 chargé
[2026-06-29T14:13:20.886Z] [db] Chemin: C:\laragon\www\projectgaz\db\database.db
[2026-06-29T14:13:20.895Z] [db] ✅ SQLite ouvert
[2026-06-29T14:13:20.902Z] [db] ── initializeDatabase START ──
[2026-06-29T14:13:20.904Z] [db] Dossier migrations: C:\laragon\www\projectgaz\db\migrations
[2026-06-29T14:13:20.913Z] [db] Tables existantes (13): [
  "__drizzle_migrations",
  "customer_types",
  "customers",
  "products",
  "purchase_invoice_items",
  "purchase_invoices",
  "sales_invoice_items",
  "sales_invoices",
  "settings",
  "stock_movements",
  "suppliers",
  "users",
  "wallet_transactions"
]
[2026-06-29T14:13:20.920Z] [db] ✅ migrate() OK
[2026-06-29T14:13:20.927Z] [db] ✅ 13 tables présentes après init: [
  "__drizzle_migrations",
  "customer_types",
  "customers",
  "products",
  "purchase_invoice_items",
  "purchase_invoices",
  "sales_invoice_items",
  "sales_invoices",
  "settings",
  "stock_movements",
  "suppliers",
  "users",
  "wallet_transactions"
]
[2026-06-29T14:13:20.928Z] [db] ── initializeDatabase END ──
[2026-06-29T14:27:47.427Z] [db] ══ Démarrage DB ══
[2026-06-29T14:27:47.429Z] [db] Platform: win32 arch: x64
[2026-06-29T14:27:47.430Z] [db] Node: v24.16.0
[2026-06-29T14:27:47.432Z] [db] ELECTRON_APP_PATH: (non défini)
[2026-06-29T14:27:47.435Z] [db] process.resourcesPath: (non défini)
[2026-06-29T14:27:47.437Z] [db] ✅ better-sqlite3 chargé
[2026-06-29T14:27:47.439Z] [db] Chemin: C:\laragon\www\projectgaz\db\database.db
[2026-06-29T14:27:47.448Z] [db] ✅ SQLite ouvert
[2026-06-29T14:27:47.457Z] [db] ── initializeDatabase START ──
[2026-06-29T14:27:47.458Z] [db] Dossier migrations: C:\laragon\www\projectgaz\db\migrations
[2026-06-29T14:27:47.470Z] [db] Tables existantes (13): [
  "__drizzle_migrations",
  "customer_types",
  "customers",
  "products",
  "purchase_invoice_items",
  "purchase_invoices",
  "sales_invoice_items",
  "sales_invoices",
  "settings",
  "stock_movements",
  "suppliers",
  "users",
  "wallet_transactions"
]
[2026-06-29T14:27:47.476Z] [db] ✅ migrate() OK
[2026-06-29T14:27:47.490Z] [db] ✅ 13 tables présentes après init: [
  "__drizzle_migrations",
  "customer_types",
  "customers",
  "products",
  "purchase_invoice_items",
  "purchase_invoices",
  "sales_invoice_items",
  "sales_invoices",
  "settings",
  "stock_movements",
  "suppliers",
  "users",
  "wallet_transactions"
]
[2026-06-29T14:27:47.491Z] [db] ── initializeDatabase END ──
